[2025-08-12 07:44:07] local.ERROR: syntax error, unexpected variable "$response" {"exception":"[object] (ParseError(code: 0): syntax error, unexpected variable \"$response\" at D:\\ENI\\Stage\\dargatech_app\\app\\Console\\Commands\\SetTelegramCommands.php:30)
[stacktrace]
#0 D:\\ENI\\Stage\\dargatech_app\\vendor\\composer\\ClassLoader.php(427): Composer\\Autoload\\{closure}('D:\\\\ENI\\\\Stage\\\\da...')
#1 [internal function]: Composer\\Autoload\\ClassLoader->loadClass('App\\\\Console\\\\Com...')
#2 D:\\ENI\\Stage\\dargatech_app\\vendor\\laravel\\framework\\src\\Illuminate\\Foundation\\Console\\Kernel.php(373): is_subclass_of('App\\\\Console\\\\Com...', 'Illuminate\\\\Cons...')
#3 D:\\ENI\\Stage\\dargatech_app\\vendor\\laravel\\framework\\src\\Illuminate\\Foundation\\Console\\Kernel.php(498): Illuminate\\Foundation\\Console\\Kernel->load(Array)
#4 D:\\ENI\\Stage\\dargatech_app\\vendor\\laravel\\framework\\src\\Illuminate\\Foundation\\Console\\Kernel.php(483): Illuminate\\Foundation\\Console\\Kernel->discoverCommands()
#5 D:\\ENI\\Stage\\dargatech_app\\vendor\\laravel\\framework\\src\\Illuminate\\Foundation\\Console\\Kernel.php(196): Illuminate\\Foundation\\Console\\Kernel->bootstrap()
#6 D:\\ENI\\Stage\\dargatech_app\\vendor\\laravel\\framework\\src\\Illuminate\\Foundation\\Application.php(1235): Illuminate\\Foundation\\Console\\Kernel->handle(Object(Symfony\\Component\\Console\\Input\\ArgvInput), Object(Symfony\\Component\\Console\\Output\\ConsoleOutput))
#7 D:\\ENI\\Stage\\dargatech_app\\artisan(13): Illuminate\\Foundation\\Application->handleCommand(Object(Symfony\\Component\\Console\\Input\\ArgvInput))
#8 {main}
"} 
[2025-08-12 07:44:07] local.ERROR: syntax error, unexpected variable "$response" {"exception":"[object] (ParseError(code: 0): syntax error, unexpected variable \"$response\" at D:\\ENI\\Stage\\dargatech_app\\app\\Console\\Commands\\SetTelegramCommands.php:30)
[stacktrace]
#0 D:\\ENI\\Stage\\dargatech_app\\vendor\\composer\\ClassLoader.php(427): Composer\\Autoload\\{closure}('D:\\\\ENI\\\\Stage\\\\da...')
#1 [internal function]: Composer\\Autoload\\ClassLoader->loadClass('App\\\\Console\\\\Com...')
#2 D:\\ENI\\Stage\\dargatech_app\\vendor\\laravel\\framework\\src\\Illuminate\\Foundation\\Console\\Kernel.php(373): is_subclass_of('App\\\\Console\\\\Com...', 'Illuminate\\\\Cons...')
#3 D:\\ENI\\Stage\\dargatech_app\\vendor\\laravel\\framework\\src\\Illuminate\\Foundation\\Console\\Kernel.php(498): Illuminate\\Foundation\\Console\\Kernel->load(Array)
#4 D:\\ENI\\Stage\\dargatech_app\\vendor\\laravel\\framework\\src\\Illuminate\\Foundation\\Console\\Kernel.php(483): Illuminate\\Foundation\\Console\\Kernel->discoverCommands()
#5 D:\\ENI\\Stage\\dargatech_app\\vendor\\laravel\\framework\\src\\Illuminate\\Foundation\\Console\\Kernel.php(196): Illuminate\\Foundation\\Console\\Kernel->bootstrap()
#6 D:\\ENI\\Stage\\dargatech_app\\vendor\\laravel\\framework\\src\\Illuminate\\Foundation\\Application.php(1235): Illuminate\\Foundation\\Console\\Kernel->handle(Object(Symfony\\Component\\Console\\Input\\ArgvInput), Object(Symfony\\Component\\Console\\Output\\ConsoleOutput))
#7 D:\\ENI\\Stage\\dargatech_app\\artisan(13): Illuminate\\Foundation\\Application->handleCommand(Object(Symfony\\Component\\Console\\Input\\ArgvInput))
#8 {main}
"} 
[2025-08-12 07:44:08] local.ERROR: syntax error, unexpected variable "$response" {"exception":"[object] (ParseError(code: 0): syntax error, unexpected variable \"$response\" at D:\\ENI\\Stage\\dargatech_app\\app\\Console\\Commands\\SetTelegramCommands.php:30)
[stacktrace]
#0 D:\\ENI\\Stage\\dargatech_app\\vendor\\composer\\ClassLoader.php(427): Composer\\Autoload\\{closure}('D:\\\\ENI\\\\Stage\\\\da...')
#1 [internal function]: Composer\\Autoload\\ClassLoader->loadClass('App\\\\Console\\\\Com...')
#2 D:\\ENI\\Stage\\dargatech_app\\vendor\\laravel\\framework\\src\\Illuminate\\Foundation\\Console\\Kernel.php(373): is_subclass_of('App\\\\Console\\\\Com...', 'Illuminate\\\\Cons...')
#3 D:\\ENI\\Stage\\dargatech_app\\vendor\\laravel\\framework\\src\\Illuminate\\Foundation\\Console\\Kernel.php(498): Illuminate\\Foundation\\Console\\Kernel->load(Array)
#4 D:\\ENI\\Stage\\dargatech_app\\vendor\\laravel\\framework\\src\\Illuminate\\Foundation\\Console\\Kernel.php(483): Illuminate\\Foundation\\Console\\Kernel->discoverCommands()
#5 D:\\ENI\\Stage\\dargatech_app\\vendor\\laravel\\framework\\src\\Illuminate\\Foundation\\Console\\Kernel.php(196): Illuminate\\Foundation\\Console\\Kernel->bootstrap()
#6 D:\\ENI\\Stage\\dargatech_app\\vendor\\laravel\\framework\\src\\Illuminate\\Foundation\\Application.php(1235): Illuminate\\Foundation\\Console\\Kernel->handle(Object(Symfony\\Component\\Console\\Input\\ArgvInput), Object(Symfony\\Component\\Console\\Output\\ConsoleOutput))
#7 D:\\ENI\\Stage\\dargatech_app\\artisan(13): Illuminate\\Foundation\\Application->handleCommand(Object(Symfony\\Component\\Console\\Input\\ArgvInput))
#8 {main}
"} 
[2025-08-12 07:44:09] local.ERROR: syntax error, unexpected variable "$response" {"exception":"[object] (ParseError(code: 0): syntax error, unexpected variable \"$response\" at D:\\ENI\\Stage\\dargatech_app\\app\\Console\\Commands\\SetTelegramCommands.php:30)
[stacktrace]
#0 D:\\ENI\\Stage\\dargatech_app\\vendor\\composer\\ClassLoader.php(427): Composer\\Autoload\\{closure}('D:\\\\ENI\\\\Stage\\\\da...')
#1 [internal function]: Composer\\Autoload\\ClassLoader->loadClass('App\\\\Console\\\\Com...')
#2 D:\\ENI\\Stage\\dargatech_app\\vendor\\laravel\\framework\\src\\Illuminate\\Foundation\\Console\\Kernel.php(373): is_subclass_of('App\\\\Console\\\\Com...', 'Illuminate\\\\Cons...')
#3 D:\\ENI\\Stage\\dargatech_app\\vendor\\laravel\\framework\\src\\Illuminate\\Foundation\\Console\\Kernel.php(498): Illuminate\\Foundation\\Console\\Kernel->load(Array)
#4 D:\\ENI\\Stage\\dargatech_app\\vendor\\laravel\\framework\\src\\Illuminate\\Foundation\\Console\\Kernel.php(483): Illuminate\\Foundation\\Console\\Kernel->discoverCommands()
#5 D:\\ENI\\Stage\\dargatech_app\\vendor\\laravel\\framework\\src\\Illuminate\\Foundation\\Console\\Kernel.php(196): Illuminate\\Foundation\\Console\\Kernel->bootstrap()
#6 D:\\ENI\\Stage\\dargatech_app\\vendor\\laravel\\framework\\src\\Illuminate\\Foundation\\Application.php(1235): Illuminate\\Foundation\\Console\\Kernel->handle(Object(Symfony\\Component\\Console\\Input\\ArgvInput), Object(Symfony\\Component\\Console\\Output\\ConsoleOutput))
#7 D:\\ENI\\Stage\\dargatech_app\\artisan(13): Illuminate\\Foundation\\Application->handleCommand(Object(Symfony\\Component\\Console\\Input\\ArgvInput))
#8 {main}
"} 
[2025-08-12 07:44:10] local.ERROR: syntax error, unexpected variable "$response" {"exception":"[object] (ParseError(code: 0): syntax error, unexpected variable \"$response\" at D:\\ENI\\Stage\\dargatech_app\\app\\Console\\Commands\\SetTelegramCommands.php:30)
[stacktrace]
#0 D:\\ENI\\Stage\\dargatech_app\\vendor\\composer\\ClassLoader.php(427): Composer\\Autoload\\{closure}('D:\\\\ENI\\\\Stage\\\\da...')
#1 [internal function]: Composer\\Autoload\\ClassLoader->loadClass('App\\\\Console\\\\Com...')
#2 D:\\ENI\\Stage\\dargatech_app\\vendor\\laravel\\framework\\src\\Illuminate\\Foundation\\Console\\Kernel.php(373): is_subclass_of('App\\\\Console\\\\Com...', 'Illuminate\\\\Cons...')
#3 D:\\ENI\\Stage\\dargatech_app\\vendor\\laravel\\framework\\src\\Illuminate\\Foundation\\Console\\Kernel.php(498): Illuminate\\Foundation\\Console\\Kernel->load(Array)
#4 D:\\ENI\\Stage\\dargatech_app\\vendor\\laravel\\framework\\src\\Illuminate\\Foundation\\Console\\Kernel.php(483): Illuminate\\Foundation\\Console\\Kernel->discoverCommands()
#5 D:\\ENI\\Stage\\dargatech_app\\vendor\\laravel\\framework\\src\\Illuminate\\Foundation\\Console\\Kernel.php(196): Illuminate\\Foundation\\Console\\Kernel->bootstrap()
#6 D:\\ENI\\Stage\\dargatech_app\\vendor\\laravel\\framework\\src\\Illuminate\\Foundation\\Application.php(1235): Illuminate\\Foundation\\Console\\Kernel->handle(Object(Symfony\\Component\\Console\\Input\\ArgvInput), Object(Symfony\\Component\\Console\\Output\\ConsoleOutput))
#7 D:\\ENI\\Stage\\dargatech_app\\artisan(13): Illuminate\\Foundation\\Application->handleCommand(Object(Symfony\\Component\\Console\\Input\\ArgvInput))
#8 {main}
"} 
[2025-08-12 07:44:11] local.ERROR: syntax error, unexpected variable "$response" {"exception":"[object] (ParseError(code: 0): syntax error, unexpected variable \"$response\" at D:\\ENI\\Stage\\dargatech_app\\app\\Console\\Commands\\SetTelegramCommands.php:30)
[stacktrace]
#0 D:\\ENI\\Stage\\dargatech_app\\vendor\\composer\\ClassLoader.php(427): Composer\\Autoload\\{closure}('D:\\\\ENI\\\\Stage\\\\da...')
#1 [internal function]: Composer\\Autoload\\ClassLoader->loadClass('App\\\\Console\\\\Com...')
#2 D:\\ENI\\Stage\\dargatech_app\\vendor\\laravel\\framework\\src\\Illuminate\\Foundation\\Console\\Kernel.php(373): is_subclass_of('App\\\\Console\\\\Com...', 'Illuminate\\\\Cons...')
#3 D:\\ENI\\Stage\\dargatech_app\\vendor\\laravel\\framework\\src\\Illuminate\\Foundation\\Console\\Kernel.php(498): Illuminate\\Foundation\\Console\\Kernel->load(Array)
#4 D:\\ENI\\Stage\\dargatech_app\\vendor\\laravel\\framework\\src\\Illuminate\\Foundation\\Console\\Kernel.php(483): Illuminate\\Foundation\\Console\\Kernel->discoverCommands()
#5 D:\\ENI\\Stage\\dargatech_app\\vendor\\laravel\\framework\\src\\Illuminate\\Foundation\\Console\\Kernel.php(196): Illuminate\\Foundation\\Console\\Kernel->bootstrap()
#6 D:\\ENI\\Stage\\dargatech_app\\vendor\\laravel\\framework\\src\\Illuminate\\Foundation\\Application.php(1235): Illuminate\\Foundation\\Console\\Kernel->handle(Object(Symfony\\Component\\Console\\Input\\ArgvInput), Object(Symfony\\Component\\Console\\Output\\ConsoleOutput))
#7 D:\\ENI\\Stage\\dargatech_app\\artisan(13): Illuminate\\Foundation\\Application->handleCommand(Object(Symfony\\Component\\Console\\Input\\ArgvInput))
#8 {main}
"} 
[2025-08-12 07:44:12] local.ERROR: syntax error, unexpected variable "$response" {"exception":"[object] (ParseError(code: 0): syntax error, unexpected variable \"$response\" at D:\\ENI\\Stage\\dargatech_app\\app\\Console\\Commands\\SetTelegramCommands.php:30)
[stacktrace]
#0 D:\\ENI\\Stage\\dargatech_app\\vendor\\composer\\ClassLoader.php(427): Composer\\Autoload\\{closure}('D:\\\\ENI\\\\Stage\\\\da...')
#1 [internal function]: Composer\\Autoload\\ClassLoader->loadClass('App\\\\Console\\\\Com...')
#2 D:\\ENI\\Stage\\dargatech_app\\vendor\\laravel\\framework\\src\\Illuminate\\Foundation\\Console\\Kernel.php(373): is_subclass_of('App\\\\Console\\\\Com...', 'Illuminate\\\\Cons...')
#3 D:\\ENI\\Stage\\dargatech_app\\vendor\\laravel\\framework\\src\\Illuminate\\Foundation\\Console\\Kernel.php(498): Illuminate\\Foundation\\Console\\Kernel->load(Array)
#4 D:\\ENI\\Stage\\dargatech_app\\vendor\\laravel\\framework\\src\\Illuminate\\Foundation\\Console\\Kernel.php(483): Illuminate\\Foundation\\Console\\Kernel->discoverCommands()
#5 D:\\ENI\\Stage\\dargatech_app\\vendor\\laravel\\framework\\src\\Illuminate\\Foundation\\Console\\Kernel.php(196): Illuminate\\Foundation\\Console\\Kernel->bootstrap()
#6 D:\\ENI\\Stage\\dargatech_app\\vendor\\laravel\\framework\\src\\Illuminate\\Foundation\\Application.php(1235): Illuminate\\Foundation\\Console\\Kernel->handle(Object(Symfony\\Component\\Console\\Input\\ArgvInput), Object(Symfony\\Component\\Console\\Output\\ConsoleOutput))
#7 D:\\ENI\\Stage\\dargatech_app\\artisan(13): Illuminate\\Foundation\\Application->handleCommand(Object(Symfony\\Component\\Console\\Input\\ArgvInput))
#8 {main}
"} 
[2025-08-12 07:44:12] local.ERROR: syntax error, unexpected variable "$response" {"exception":"[object] (ParseError(code: 0): syntax error, unexpected variable \"$response\" at D:\\ENI\\Stage\\dargatech_app\\app\\Console\\Commands\\SetTelegramCommands.php:30)
[stacktrace]
#0 D:\\ENI\\Stage\\dargatech_app\\vendor\\composer\\ClassLoader.php(427): Composer\\Autoload\\{closure}('D:\\\\ENI\\\\Stage\\\\da...')
#1 [internal function]: Composer\\Autoload\\ClassLoader->loadClass('App\\\\Console\\\\Com...')
#2 D:\\ENI\\Stage\\dargatech_app\\vendor\\laravel\\framework\\src\\Illuminate\\Foundation\\Console\\Kernel.php(373): is_subclass_of('App\\\\Console\\\\Com...', 'Illuminate\\\\Cons...')
#3 D:\\ENI\\Stage\\dargatech_app\\vendor\\laravel\\framework\\src\\Illuminate\\Foundation\\Console\\Kernel.php(498): Illuminate\\Foundation\\Console\\Kernel->load(Array)
#4 D:\\ENI\\Stage\\dargatech_app\\vendor\\laravel\\framework\\src\\Illuminate\\Foundation\\Console\\Kernel.php(483): Illuminate\\Foundation\\Console\\Kernel->discoverCommands()
#5 D:\\ENI\\Stage\\dargatech_app\\vendor\\laravel\\framework\\src\\Illuminate\\Foundation\\Console\\Kernel.php(196): Illuminate\\Foundation\\Console\\Kernel->bootstrap()
#6 D:\\ENI\\Stage\\dargatech_app\\vendor\\laravel\\framework\\src\\Illuminate\\Foundation\\Application.php(1235): Illuminate\\Foundation\\Console\\Kernel->handle(Object(Symfony\\Component\\Console\\Input\\ArgvInput), Object(Symfony\\Component\\Console\\Output\\ConsoleOutput))
#7 D:\\ENI\\Stage\\dargatech_app\\artisan(13): Illuminate\\Foundation\\Application->handleCommand(Object(Symfony\\Component\\Console\\Input\\ArgvInput))
#8 {main}
"} 
[2025-08-12 09:02:21] local.ERROR: The process "C:\wamp64\bin\php\php8.2.26\php.exe artisan queue:work --once --name=default --queue=default --backoff=0 --memory=128 --sleep=3 --tries=1" exceeded the timeout of 60 seconds. {"exception":"[object] (Symfony\\Component\\Process\\Exception\\ProcessTimedOutException(code: 0): The process \"C:\\wamp64\\bin\\php\\php8.2.26\\php.exe artisan queue:work --once --name=default --queue=default --backoff=0 --memory=128 --sleep=3 --tries=1\" exceeded the timeout of 60 seconds. at D:\\ENI\\Stage\\dargatech_app\\vendor\\symfony\\process\\Process.php:1181)
[stacktrace]
#0 D:\\ENI\\Stage\\dargatech_app\\vendor\\symfony\\process\\Process.php(450): Symfony\\Component\\Process\\Process->checkTimeout()
#1 D:\\ENI\\Stage\\dargatech_app\\vendor\\symfony\\process\\Process.php(251): Symfony\\Component\\Process\\Process->wait()
#2 D:\\ENI\\Stage\\dargatech_app\\vendor\\laravel\\framework\\src\\Illuminate\\Queue\\Listener.php(181): Symfony\\Component\\Process\\Process->run(Object(Closure))
#3 D:\\ENI\\Stage\\dargatech_app\\vendor\\laravel\\framework\\src\\Illuminate\\Queue\\Listener.php(92): Illuminate\\Queue\\Listener->runProcess(Object(Symfony\\Component\\Process\\Process), '128')
#4 D:\\ENI\\Stage\\dargatech_app\\vendor\\laravel\\framework\\src\\Illuminate\\Queue\\Console\\ListenCommand.php(75): Illuminate\\Queue\\Listener->listen(NULL, 'default', Object(Illuminate\\Queue\\ListenerOptions))
#5 D:\\ENI\\Stage\\dargatech_app\\vendor\\laravel\\framework\\src\\Illuminate\\Container\\BoundMethod.php(36): Illuminate\\Queue\\Console\\ListenCommand->handle()
#6 D:\\ENI\\Stage\\dargatech_app\\vendor\\laravel\\framework\\src\\Illuminate\\Container\\Util.php(43): Illuminate\\Container\\BoundMethod::Illuminate\\Container\\{closure}()
#7 D:\\ENI\\Stage\\dargatech_app\\vendor\\laravel\\framework\\src\\Illuminate\\Container\\BoundMethod.php(95): Illuminate\\Container\\Util::unwrapIfClosure(Object(Closure))
#8 D:\\ENI\\Stage\\dargatech_app\\vendor\\laravel\\framework\\src\\Illuminate\\Container\\BoundMethod.php(35): Illuminate\\Container\\BoundMethod::callBoundMethod(Object(Illuminate\\Foundation\\Application), Array, Object(Closure))
#9 D:\\ENI\\Stage\\dargatech_app\\vendor\\laravel\\framework\\src\\Illuminate\\Container\\Container.php(696): Illuminate\\Container\\BoundMethod::call(Object(Illuminate\\Foundation\\Application), Array, Array, NULL)
#10 D:\\ENI\\Stage\\dargatech_app\\vendor\\laravel\\framework\\src\\Illuminate\\Console\\Command.php(213): Illuminate\\Container\\Container->call(Array)
#11 D:\\ENI\\Stage\\dargatech_app\\vendor\\symfony\\console\\Command\\Command.php(279): Illuminate\\Console\\Command->execute(Object(Symfony\\Component\\Console\\Input\\ArgvInput), Object(Illuminate\\Console\\OutputStyle))
#12 D:\\ENI\\Stage\\dargatech_app\\vendor\\laravel\\framework\\src\\Illuminate\\Console\\Command.php(182): Symfony\\Component\\Console\\Command\\Command->run(Object(Symfony\\Component\\Console\\Input\\ArgvInput), Object(Illuminate\\Console\\OutputStyle))
#13 D:\\ENI\\Stage\\dargatech_app\\vendor\\symfony\\console\\Application.php(1094): Illuminate\\Console\\Command->run(Object(Symfony\\Component\\Console\\Input\\ArgvInput), Object(Symfony\\Component\\Console\\Output\\ConsoleOutput))
#14 D:\\ENI\\Stage\\dargatech_app\\vendor\\symfony\\console\\Application.php(342): Symfony\\Component\\Console\\Application->doRunCommand(Object(Illuminate\\Queue\\Console\\ListenCommand), Object(Symfony\\Component\\Console\\Input\\ArgvInput), Object(Symfony\\Component\\Console\\Output\\ConsoleOutput))
#15 D:\\ENI\\Stage\\dargatech_app\\vendor\\symfony\\console\\Application.php(193): Symfony\\Component\\Console\\Application->doRun(Object(Symfony\\Component\\Console\\Input\\ArgvInput), Object(Symfony\\Component\\Console\\Output\\ConsoleOutput))
#16 D:\\ENI\\Stage\\dargatech_app\\vendor\\laravel\\framework\\src\\Illuminate\\Foundation\\Console\\Kernel.php(198): Symfony\\Component\\Console\\Application->run(Object(Symfony\\Component\\Console\\Input\\ArgvInput), Object(Symfony\\Component\\Console\\Output\\ConsoleOutput))
#17 D:\\ENI\\Stage\\dargatech_app\\vendor\\laravel\\framework\\src\\Illuminate\\Foundation\\Application.php(1235): Illuminate\\Foundation\\Console\\Kernel->handle(Object(Symfony\\Component\\Console\\Input\\ArgvInput), Object(Symfony\\Component\\Console\\Output\\ConsoleOutput))
#18 D:\\ENI\\Stage\\dargatech_app\\artisan(13): Illuminate\\Foundation\\Application->handleCommand(Object(Symfony\\Component\\Console\\Input\\ArgvInput))
#19 {main}
"} 
